0 silly argv {
0 silly argv   _: [ 'run' ],
0 silly argv   parallel: true,
0 silly argv   lernaVersion: '3.22.1',
0 silly argv   '$0': '/Users/gizzidan/web-dev/cannabis-friendly-careers/node_modules/.bin/lerna',
0 silly argv   script: 'start'
0 silly argv }
1 notice cli v3.22.1
2 verbose rootPath /Users/gizzidan/web-dev/cannabis-friendly-careers
3 info Executing command in 2 packages: "npm run start"
4 silly npmRunScript.stream [ 'start', [], 'cannabis-friendly-careers-backend' ]
5 silly getExecOpts /Users/gizzidan/web-dev/cannabis-friendly-careers/studio undefined
6 silly npmRunScript.stream [ 'start', [], 'cannabis-friendly-careers-frontend' ]
7 silly getExecOpts /Users/gizzidan/web-dev/cannabis-friendly-careers/web undefined
8 error MaxBufferError: stdout maxBuffer exceeded
8 error     at PassThrough.<anonymous> (/Users/gizzidan/web-dev/cannabis-friendly-careers/node_modules/get-stream/index.js:41:19)
8 error     at PassThrough.emit (node:events:525:35)
8 error     at addChunk (node:internal/streams/readable:324:12)
8 error     at readableAddChunk (node:internal/streams/readable:293:11)
8 error     at Readable.push (node:internal/streams/readable:234:10)
8 error     at node:internal/streams/transform:182:12
8 error     at PassThrough._transform (node:internal/streams/passthrough:46:3)
8 error     at Transform._write (node:internal/streams/transform:175:8)
8 error     at writeOrBuffer (node:internal/streams/writable:392:12)
